<?xml version="1.0" encoding="UTF-8"?>
<testng-results ignored="0" total="1" passed="1" failed="0" skipped="0">
  <reporter-output>
  </reporter-output>
  <suite started-at="2024-02-12T15:23:24 IST" name="Default suite" finished-at="2024-02-12T15:23:34 IST" duration-ms="9823">
    <groups>
    </groups>
    <test started-at="2024-02-12T15:23:24 IST" name="Default test" finished-at="2024-02-12T15:23:34 IST" duration-ms="9823">
      <class name="Test_Script.Sample5Test">
        <test-method signature="testcase()[pri:0, instance:Test_Script.Sample5Test@6cf0e0ba]" started-at="2024-02-12T15:23:24 IST" name="testcase" finished-at="2024-02-12T15:23:34 IST" duration-ms="9792" status="PASS">
          <reporter-output>
          </reporter-output>
        </test-method> <!-- testcase -->
      </class> <!-- Test_Script.Sample5Test -->
    </test> <!-- Default test -->
  </suite> <!-- Default suite -->
</testng-results>
